<?xml version="1.0" encoding="UTF-8"?>
<!-- Generated by org.testng.reporters.JUnitReportReporter -->
<testsuite hostname="INL-DHFZTG3" name="Sample_Code.com.First_Sample_Code" tests="1" failures="0" timestamp="14 May 2023 14:41:57 GMT" time="19.753" errors="0">
  <testcase name="Test_run" time="19.753" classname="Sample_Code.com.First_Sample_Code"/>
</testsuite> <!-- Sample_Code.com.First_Sample_Code -->
